<?xml version="1.0" encoding="UTF-8"?>
<!-- Generated by org.testng.reporters.JUnitReportReporter -->
<testsuite hostname="TYSS-Chandana" failures="0" tests="1" name="ecom.LaunchSkill_Test" time="17.702" errors="0" timestamp="2024-04-20T08:19:56 IST" skipped="0">
  <testcase classname="ecom.LaunchSkill_Test" name="skillary" time="17.702"/>
  <system-out/>
</testsuite> <!-- ecom.LaunchSkill_Test -->
