<?xml version="1.0" encoding="UTF-8"?>
<!-- Generated by org.testng.reporters.JUnitReportReporter -->
<testsuite hostname="TYSS-Chandana" failures="0" tests="1" name="beauty.LaunchLakme_Test" time="22.337" errors="0" timestamp="2024-04-22T07:34:19 IST" skipped="0">
  <testcase classname="beauty.LaunchLakme_Test" name="lakme" time="22.337"/>
  <system-out/>
</testsuite> <!-- beauty.LaunchLakme_Test -->
