<?xml version="1.0" encoding="UTF-8"?>
<!-- Generated by org.testng.reporters.JUnitReportReporter -->
<testsuite hostname="TYSS-Chandana" failures="0" tests="1" name="beauty.LaunchPurplle_Test" time="5.890" errors="0" timestamp="2024-04-20T08:03:40 IST" skipped="0">
  <testcase classname="beauty.LaunchPurplle_Test" name="purplle" time="5.890"/>
  <system-out/>
</testsuite> <!-- beauty.LaunchPurplle_Test -->
