<?xml version="1.0" encoding="UTF-8"?>
<!-- Generated by org.testng.reporters.JUnitReportReporter -->
<testsuite hostname="TYSS-Chandana" failures="0" tests="1" name="beauty.LaunchLoeral_Test" time="5.548" errors="0" timestamp="2024-04-20T08:03:40 IST" skipped="0">
  <testcase classname="beauty.LaunchLoeral_Test" name="loeral" time="5.548"/>
  <system-out/>
</testsuite> <!-- beauty.LaunchLoeral_Test -->
