<?xml version="1.0" encoding="UTF-8"?>
<!-- Generated by org.testng.reporters.JUnitReportReporter -->
<testsuite hostname="TYSS-Chandana" failures="0" tests="1" name="food.LaunchZomato_Test" time="19.707" errors="0" timestamp="2024-04-20T08:09:50 IST" skipped="0">
  <testcase classname="food.LaunchZomato_Test" name="zomato" time="19.707"/>
  <system-out/>
</testsuite> <!-- food.LaunchZomato_Test -->
