<?xml version="1.0" encoding="UTF-8"?>
<!-- Generated by org.testng.reporters.JUnitReportReporter -->
<testsuite hostname="TYSS-Chandana" failures="0" tests="1" name="ecom.LaunchBookMyShow_Test" time="6.956" errors="0" timestamp="2024-04-20T08:19:56 IST" skipped="0">
  <testcase classname="ecom.LaunchBookMyShow_Test" name="bookMyShow" time="6.956"/>
  <system-out/>
</testsuite> <!-- ecom.LaunchBookMyShow_Test -->
