<?xml version="1.0" encoding="UTF-8"?>
<!-- Generated by org.testng.reporters.JUnitReportReporter -->
<testsuite hostname="TYSS-Chandana" failures="0" tests="1" name="ecom.LaunchDemoWeb_Test" time="8.070" errors="0" timestamp="2024-04-20T08:19:56 IST" skipped="0">
  <testcase classname="ecom.LaunchDemoWeb_Test" name="demoWebShop" time="8.070"/>
  <system-out/>
</testsuite> <!-- ecom.LaunchDemoWeb_Test -->
