<?xml version="1.0" encoding="UTF-8"?>
<!-- Generated by org.testng.reporters.JUnitReportReporter -->
<testsuite hostname="TYSS-Chandana" failures="0" tests="1" name="food.LaunchSwiggy_Test" time="9.248" errors="0" timestamp="2024-04-20T08:09:50 IST" skipped="0">
  <testcase classname="food.LaunchSwiggy_Test" name="swiggy" time="9.248"/>
  <system-out/>
</testsuite> <!-- food.LaunchSwiggy_Test -->
