<?xml version="1.0" encoding="UTF-8"?>
<!-- Generated by org.testng.reporters.JUnitReportReporter -->
<testsuite hostname="TYSS-Chandana" failures="0" tests="1" name="beauty.LaunchLakme_Test" time="11.739" errors="0" timestamp="2024-04-19T07:17:50 IST" skipped="0">
  <testcase classname="beauty.LaunchLakme_Test" name="lakme" time="11.739"/>
  <system-out/>
</testsuite> <!-- beauty.LaunchLakme_Test -->
